=========================================
  Intelligent Vision Labs - å¯åŠ¨è„šæœ¬
=========================================
>> å‘ç°æœ¬åœ° .venv ç¯å¢ƒï¼Œå‡†å¤‡æŒ‚è½½...
>> æ£€æŸ¥ FastAPI ç­‰ Web ä¾èµ–...
WARNING: You are using pip version 21.2.4; however, version 26.0.1 is available.
You should consider upgrading via the '/Users/yxh/workspace/MPé¡¹ç›®/åŒ—äº¬ - æ¸…åå¤§å­¦/2026é€šè¯†è¯¾/å¤‡è¯¾/ç¬¬ä¸€èŠ‚ç´ æ/codev2/.venv/bin/python -m pip install --upgrade pip' command.
>> æ­£åœ¨å¯åŠ¨ FastAPI åç«¯æœåŠ¡...
>> (å¦‚ç”±äºç«¯å£å†²çªå¯¼è‡´å¤±è´¥ï¼Œè¯·æ‰‹åŠ¨ç»“æŸå ç”¨ 8000 ç«¯å£çš„è¿›ç¨‹)
>> åº”ç”¨å°†åœ¨ http://localhost:8000 è¿è¡Œ
=========================================
INFO:     Will watch for changes in these directories: ['/Users/yxh/workspace/MPé¡¹ç›®/åŒ—äº¬ - æ¸…åå¤§å­¦/2026é€šè¯†è¯¾/å¤‡è¯¾/ç¬¬ä¸€èŠ‚ç´ æ/codev2']
INFO:     Uvicorn running on http://0.0.0.0:8000 (Press CTRL+C to quit)
INFO:     Started reloader process [1869] using WatchFiles
[0m[32mINFO 2026-02-22 22:44:15,155 1871 sam3_video_base.py: 125:[0m setting max_num_objects=10000 and num_obj_for_compile=16
/Users/yxh/workspace/MPé¡¹ç›®/åŒ—äº¬ - æ¸…åå¤§å­¦/2026é€šè¯†è¯¾/å¤‡è¯¾/ç¬¬ä¸€èŠ‚ç´ æ/codev2/.venv/lib/python3.9/site-packages/urllib3/__init__.py:35: NotOpenSSLWarning: urllib3 v2 only supports OpenSSL 1.1.1+, currently the 'ssl' module is compiled with 'LibreSSL 2.8.3'. See: https://github.com/urllib3/urllib3/issues/3020
  warnings.warn(
I0000 00:00:1771771457.848895   18661 gl_context.cc:407] GL version: 2.1 (2.1 Metal - 90.5), renderer: Apple M4 Pro
INFO: Created TensorFlow Lite XNNPACK delegate for CPU.
W0000 00:00:1771771457.853720   18666 inference_feedback_manager.cc:121] Feedback manager requires a model with a single signature inference. Disabling support for feedback tensors.
W0000 00:00:1771771457.855412   18677 face_landmarker_graph.cc:180] Sets FaceBlendshapesGraph acceleration to xnnpack by default.
I0000 00:00:1771771457.861155   18677 gl_context.cc:407] GL version: 2.1 (2.1 Metal - 90.5), renderer: Apple M4 Pro
W0000 00:00:1771771457.861893   18680 inference_feedback_manager.cc:121] Feedback manager requires a model with a single signature inference. Disabling support for feedback tensors.
W0000 00:00:1771771457.867609   18680 inference_feedback_manager.cc:121] Feedback manager requires a model with a single signature inference. Disabling support for feedback tensors.
I0000 00:00:1771771457.877859   18695 gl_context.cc:407] GL version: 2.1 (2.1 Metal - 90.5), renderer: Apple M4 Pro
W0000 00:00:1771771457.882455   18699 inference_feedback_manager.cc:121] Feedback manager requires a model with a single signature inference. Disabling support for feedback tensors.
W0000 00:00:1771771457.889086   18698 inference_feedback_manager.cc:121] Feedback manager requires a model with a single signature inference. Disabling support for feedback tensors.
I0000 00:00:1771771457.893500   18711 hand_gesture_recognizer_graph.cc:257] Custom gesture classifier is not defined.
I0000 00:00:1771771457.899442   18711 gl_context.cc:407] GL version: 2.1 (2.1 Metal - 90.5), renderer: Apple M4 Pro
W0000 00:00:1771771457.903696   18714 inference_feedback_manager.cc:121] Feedback manager requires a model with a single signature inference. Disabling support for feedback tensors.
W0000 00:00:1771771457.910939   18712 inference_feedback_manager.cc:121] Feedback manager requires a model with a single signature inference. Disabling support for feedback tensors.
W0000 00:00:1771771457.912633   18717 inference_feedback_manager.cc:121] Feedback manager requires a model with a single signature inference. Disabling support for feedback tensors.
W0000 00:00:1771771457.912666   18717 inference_feedback_manager.cc:121] Feedback manager requires a model with a single signature inference. Disabling support for feedback tensors.
INFO:     Started server process [1871]
INFO:     Waiting for application startup.
INFO:     Application startup complete.
start.sh: line 34:  1869 Killed: 9               $PYTHON_CMD -m uvicorn src.main:app --host 0.0.0.0 --port 8000 --reload
